<?xml version="1.0" encoding="UTF-8"?>
<!-- Generated by org.testng.reporters.JUnitXMLReporter -->
<testsuite ignored="0" hostname="LIN51004651" failures="0" tests="2" name="Westwing Web Tests" time="103.315" errors="0" timestamp="18 Jan 2021 09:08:46 GMT">
  <testcase classname="com.Westwingnow_Web.testcases.DriverScript" name="VerifyLooksListingPageandDetailPage" time="56.018"/>
  <testcase classname="com.Westwingnow_Web.testcases.DriverScript" name="VerifyWishListFunctionality" time="41.983"/>
</testsuite> <!-- Westwing Web Tests -->
