<?xml version="1.0" encoding="UTF-8"?>
<testng-results ignored="0" total="2" passed="2" failed="0" skipped="0">
  <reporter-output>
  </reporter-output>
  <suite started-at="2021-01-18T09:07:03Z" name="Westwing Web Tests" finished-at="2021-01-18T09:08:46Z" duration-ms="103315">
    <groups>
    </groups>
    <test started-at="2021-01-18T09:07:03Z" name="Westwing Web Tests" finished-at="2021-01-18T09:08:46Z" duration-ms="103315">
      <class name="com.Westwingnow_Web.testcases.DriverScript">
        <test-method is-config="true" signature="setUp(java.lang.reflect.Method)[pri:0, instance:com.Westwingnow_Web.testcases.DriverScript@75b25825]" started-at="2021-01-18T09:07:03Z" name="setUp" finished-at="2021-01-18T09:07:06Z" duration-ms="3412" status="PASS">
          <params>
            <param index="0">
              <value>
                <![CDATA[public void com.Westwingnow_Web.testcases.DriverScript.VerifyLooksListingPageandDetailPage()]]>
              </value>
            </param>
          </params>
          <reporter-output>
          </reporter-output>
        </test-method> <!-- setUp -->
        <test-method signature="VerifyLooksListingPageandDetailPage()[pri:1, instance:com.Westwingnow_Web.testcases.DriverScript@75b25825]" started-at="2021-01-18T09:07:06Z" name="VerifyLooksListingPageandDetailPage" finished-at="2021-01-18T09:08:02Z" duration-ms="56018" status="PASS">
          <reporter-output>
          </reporter-output>
        </test-method> <!-- VerifyLooksListingPageandDetailPage -->
        <test-method is-config="true" signature="getResult(org.testng.ITestResult)[pri:0, instance:com.Westwingnow_Web.testcases.DriverScript@75b25825]" started-at="2021-01-18T09:08:02Z" name="getResult" finished-at="2021-01-18T09:08:02Z" duration-ms="14" status="PASS">
          <params>
            <param index="0">
              <value>
                <![CDATA[[TestResult name=VerifyLooksListingPageandDetailPage status=SUCCESS method=DriverScript.VerifyLooksListingPageandDetailPage()[pri:1, instance:com.Westwingnow_Web.testcases.DriverScript@75b25825] output={null}]]]>
              </value>
            </param>
          </params>
          <reporter-output>
          </reporter-output>
        </test-method> <!-- getResult -->
        <test-method is-config="true" signature="setUp(java.lang.reflect.Method)[pri:0, instance:com.Westwingnow_Web.testcases.DriverScript@75b25825]" started-at="2021-01-18T09:08:02Z" name="setUp" finished-at="2021-01-18T09:08:02Z" duration-ms="0" status="PASS">
          <params>
            <param index="0">
              <value>
                <![CDATA[public void com.Westwingnow_Web.testcases.DriverScript.VerifyWishListFunctionality()]]>
              </value>
            </param>
          </params>
          <reporter-output>
          </reporter-output>
        </test-method> <!-- setUp -->
        <test-method signature="VerifyWishListFunctionality()[pri:2, instance:com.Westwingnow_Web.testcases.DriverScript@75b25825]" started-at="2021-01-18T09:08:02Z" name="VerifyWishListFunctionality" finished-at="2021-01-18T09:08:44Z" duration-ms="41983" status="PASS">
          <reporter-output>
          </reporter-output>
        </test-method> <!-- VerifyWishListFunctionality -->
        <test-method is-config="true" signature="getResult(org.testng.ITestResult)[pri:0, instance:com.Westwingnow_Web.testcases.DriverScript@75b25825]" started-at="2021-01-18T09:08:44Z" name="getResult" finished-at="2021-01-18T09:08:44Z" duration-ms="1" status="PASS">
          <params>
            <param index="0">
              <value>
                <![CDATA[[TestResult name=VerifyWishListFunctionality status=SUCCESS method=DriverScript.VerifyWishListFunctionality()[pri:2, instance:com.Westwingnow_Web.testcases.DriverScript@75b25825] output={null}]]]>
              </value>
            </param>
          </params>
          <reporter-output>
          </reporter-output>
        </test-method> <!-- getResult -->
        <test-method is-config="true" signature="tearDown()[pri:0, instance:com.Westwingnow_Web.testcases.DriverScript@75b25825]" started-at="2021-01-18T09:08:44Z" name="tearDown" finished-at="2021-01-18T09:08:46Z" duration-ms="1855" status="PASS">
          <reporter-output>
          </reporter-output>
        </test-method> <!-- tearDown -->
      </class> <!-- com.Westwingnow_Web.testcases.DriverScript -->
    </test> <!-- Westwing Web Tests -->
  </suite> <!-- Westwing Web Tests -->
</testng-results>
