<?xml version="1.0" encoding="UTF-8"?>
<testsuite xmlns:xsi="http://www.w3.org/2001/XMLSchema-instance" xsi:noNamespaceSchemaLocation="https://maven.apache.org/surefire/maven-surefire-plugin/xsd/surefire-test-report.xsd" name="TestSuite" time="105.47" tests="2" errors="0" skipped="0" failures="0">
  <properties>
[...]
</properties>
  <testcase name="VerifyLooksListingPageandDetailPage" classname="com.Westwingnow_Web.testcases.DriverScript" time="56.021"/>
  <testcase name="VerifyWishListFunctionality" classname="com.Westwingnow_Web.testcases.DriverScript" time="41.983"/>
</testsuite>